Case 1: 130 30
Case 2: 999990 90
Case 3: 0 0
Case 4: 99 99
Case 5: 99999999 99
Case 6: 100 0
Case 7: 21158825 25
Case 8: 33528355 55
Case 9: 35240719 19
Case 10: 59878371 71
Case 11: 6578798 98
Case 12: 950675 75
Case 13: 3138816 16
Case 14: 54237544 44
Case 15: 8469698 98
Case 16: 11969463 63
Case 17: 9458661 61
Case 18: 15354389 89
Case 19: 37079394 94
Case 20: 1405432 32
Case 21: 14149584 84
Case 22: 6671737 37
Case 23: 21340851 51
Case 24: 43745390 90
Case 25: 66840432 32
Case 26: 425220 20
Case 27: 10361382 82
Case 28: 32237672 72
Case 29: 9449045 45
Case 30: 5799820 20
Case 31: 2977455 55
Case 32: 28141733 33
Case 33: 7172026 26
Case 34: 9863396 96
Case 35: 32380966 66
Case 36: 18517520 20
Case 37: 26084405 5
Case 38: 2990648 48
Case 39: 27942269 69
Case 40: 4202047 47
Case 41: 25920978 78
Case 42: 73813501 1
Case 43: 69892834 34
Case 44: 33275698 98
Case 45: 333267 67
Case 46: 11571208 8
Case 47: 79229390 90
Case 48: 86990472 72
Case 49: 10177888 88
Case 50: 1016520 20
Case 51: 72397879 79
Case 52: 58860908 8
Case 53: 9077803 3
Case 54: 72083875 75
Case 55: 27713883 83
Case 56: 34854000 0
Case 57: 1480696 96
Case 58: 9015580 80
Case 59: 31690119 19
Case 60: 22371441 41
Case 61: 789698 98
Case 62: 68966238 38
Case 63: 11345065 65
Case 64: 12279636 36
Case 65: 52722051 51
Case 66: 30791005 5
Case 67: 23301280 80
Case 68: 21422161 61
Case 69: 49274870 70
Case 70: 6062611 11
Case 71: 16909819 19
Case 72: 51672534 34
Case 73: 43922471 71
Case 74: 16684919 19
Case 75: 11503545 45
Case 76: 17050372 72
Case 77: 8765665 65
Case 78: 6661048 48
Case 79: 66030189 89
Case 80: 724752 52
Case 81: 275846 46
Case 82: 50352386 86
Case 83: 18371814 14
Case 84: 6198418 18
Case 85: 13076874 74
Case 86: 22764047 47
Case 87: 23833043 43
Case 88: 21256769 69
Case 89: 28568915 15
Case 90: 23947695 95
Case 91: 154436 36
Case 92: 20897948 48
Case 93: 692557 57
Case 94: 2312407 7
Case 95: 5162030 30
Case 96: 54800357 57
Case 97: 36983975 75
Case 98: 165588 88
Case 99: 21387601 1
Case 100: 85674824 24
